2018-10-26 15:48:36,087 - calcu_log - DEBUG - expression for calc is 1-2*((60-30+(-40/5)*(9-2*5/3+7/3*99/4*2998+10*568/14))-(-4*3)/(16-3*2))
2018-10-26 15:48:36,089 - calcu_log - DEBUG - expression after calc is 1-2*((60-30+(-40/5)*(9-2*5/3+7/3*99/4*2998+10*568/14))-(-4*3)/(16-3*2))
2018-10-26 15:48:36,089 - calcu_log - DEBUG - now the expression are 1-2*((60-30+-8.0*(9-2*5/3+7/3*99/4*2998+10*568/14))-(-4*3)/(16-3*2))
2018-10-26 15:48:36,090 - calcu_log - DEBUG - expression for calc is 1-2*((60-30+-8.0*(9-2*5/3+7/3*99/4*2998+10*568/14))-(-4*3)/(16-3*2))
2018-10-26 15:48:36,091 - calcu_log - DEBUG - expression after calc is 1-2*((60-30+-8.0*(9-2*5/3+7/3*99/4*2998+10*568/14))-(-4*3)/(16-3*2))
2018-10-26 15:48:36,091 - calcu_log - DEBUG - now the expression are 1-2*((60-30+-8.0*+173545.88095238098)-(-4*3)/(16-3*2))
2018-10-26 15:48:36,091 - calcu_log - DEBUG - expression for calc is 1-2*((60-30+-8.0*+173545.88095238098)-(-4*3)/(16-3*2))
2018-10-26 15:48:36,092 - calcu_log - DEBUG - expression after calc is 1-2*((60-30+-8.0*+173545.88095238098)-(-4*3)/(16-3*2))
2018-10-26 15:48:36,092 - calcu_log - DEBUG - now the expression are 1-2*(-1388337.0476190478-(-4*3)/(16-3*2))
2018-10-26 15:48:36,092 - calcu_log - DEBUG - expression for calc is 1-2*(-1388337.0476190478-(-4*3)/(16-3*2))
2018-10-26 15:48:36,092 - calcu_log - DEBUG - expression after calc is 1-2*(-1388337.0476190478-(-4*3)/(16-3*2))
2018-10-26 15:48:36,093 - calcu_log - DEBUG - now the expression are 1-2*(-1388337.0476190478--12.0/(16-3*2))
2018-10-26 15:48:36,093 - calcu_log - DEBUG - expression for calc is 1-2*(-1388337.0476190478--12.0/(16-3*2))
2018-10-26 15:48:36,093 - calcu_log - DEBUG - expression after calc is 1-2*(-1388337.0476190478--12.0/(16-3*2))
2018-10-26 15:48:36,093 - calcu_log - DEBUG - now the expression are 1-2*(-1388337.0476190478--12.0/+10.0)
2018-10-26 15:48:36,093 - calcu_log - DEBUG - expression for calc is 1-2*(-1388337.0476190478--12.0/+10.0)
2018-10-26 15:48:36,093 - calcu_log - DEBUG - expression after calc is 1-2*(-1388337.0476190478--12.0/+10.0)
2018-10-26 15:48:36,094 - calcu_log - DEBUG - now the expression are 1-2*-1388335.8476190479
2018-10-26 15:48:36,094 - calcu_log - DEBUG - the result is:+2776672.6952380957
2018-10-26 15:51:46,280 - calcu_log - WARNING - ¿®∫≈Œ¥±’∫œ
2018-10-26 15:51:46,282 - calcu_log - WARNING - Illegal expression
2018-10-26 15:52:20,621 - calcu_log - WARNING - ¿®∫≈Œ¥±’∫œ
2018-10-26 15:52:20,621 - calcu_log - WARNING - Illegal expression
2018-10-26 15:52:27,092 - calcu_log - DEBUG - expression for calc is 1-2*((60-30+(-40/5)*(9-2*5/3+7/3*99/4*2998+10*568/14))-(-4*3)/(16-3*2))
2018-10-26 15:52:27,094 - calcu_log - DEBUG - expression after calc is 1-2*((60-30+(-40/5)*(9-2*5/3+7/3*99/4*2998+10*568/14))-(-4*3)/(16-3*2))
2018-10-26 15:52:27,095 - calcu_log - DEBUG - now the expression are 1-2*((60-30+-8.0*(9-2*5/3+7/3*99/4*2998+10*568/14))-(-4*3)/(16-3*2))
2018-10-26 15:52:27,095 - calcu_log - DEBUG - expression for calc is 1-2*((60-30+-8.0*(9-2*5/3+7/3*99/4*2998+10*568/14))-(-4*3)/(16-3*2))
2018-10-26 15:52:27,096 - calcu_log - DEBUG - expression after calc is 1-2*((60-30+-8.0*(9-2*5/3+7/3*99/4*2998+10*568/14))-(-4*3)/(16-3*2))
2018-10-26 15:52:27,096 - calcu_log - DEBUG - now the expression are 1-2*((60-30+-8.0*+173545.88095238098)-(-4*3)/(16-3*2))
2018-10-26 15:52:27,096 - calcu_log - DEBUG - expression for calc is 1-2*((60-30+-8.0*+173545.88095238098)-(-4*3)/(16-3*2))
2018-10-26 15:52:27,097 - calcu_log - DEBUG - expression after calc is 1-2*((60-30+-8.0*+173545.88095238098)-(-4*3)/(16-3*2))
2018-10-26 15:52:27,097 - calcu_log - DEBUG - now the expression are 1-2*(-1388337.0476190478-(-4*3)/(16-3*2))
2018-10-26 15:52:27,097 - calcu_log - DEBUG - expression for calc is 1-2*(-1388337.0476190478-(-4*3)/(16-3*2))
2018-10-26 15:52:27,098 - calcu_log - DEBUG - expression after calc is 1-2*(-1388337.0476190478-(-4*3)/(16-3*2))
2018-10-26 15:52:27,098 - calcu_log - DEBUG - now the expression are 1-2*(-1388337.0476190478--12.0/(16-3*2))
2018-10-26 15:52:27,098 - calcu_log - DEBUG - expression for calc is 1-2*(-1388337.0476190478--12.0/(16-3*2))
2018-10-26 15:52:27,098 - calcu_log - DEBUG - expression after calc is 1-2*(-1388337.0476190478--12.0/(16-3*2))
2018-10-26 15:52:27,098 - calcu_log - DEBUG - now the expression are 1-2*(-1388337.0476190478--12.0/+10.0)
2018-10-26 15:52:27,098 - calcu_log - DEBUG - expression for calc is 1-2*(-1388337.0476190478--12.0/+10.0)
2018-10-26 15:52:27,099 - calcu_log - DEBUG - expression after calc is 1-2*(-1388337.0476190478--12.0/+10.0)
2018-10-26 15:52:27,099 - calcu_log - DEBUG - now the expression are 1-2*-1388335.8476190479
2018-10-26 15:52:27,099 - calcu_log - DEBUG - the result is:+2776672.6952380957
2018-10-26 15:53:37,082 - calcu_log - DEBUG - expression for calc is 1-2*((60-30+(-40/5)*(9-2*5/3+7/3*99/4*2998+10*568/14))-(-4*3)/(16-3*2))
2018-10-26 15:53:37,083 - calcu_log - DEBUG - expression (-40/5) after calc is (-8.0)
2018-10-26 15:53:37,084 - calcu_log - DEBUG - now the expression are 1-2*((60-30+-8.0*(9-2*5/3+7/3*99/4*2998+10*568/14))-(-4*3)/(16-3*2))
2018-10-26 15:53:37,084 - calcu_log - DEBUG - expression for calc is 1-2*((60-30+-8.0*(9-2*5/3+7/3*99/4*2998+10*568/14))-(-4*3)/(16-3*2))
2018-10-26 15:53:37,085 - calcu_log - DEBUG - expression (9-2*5/3+7/3*99/4*2998+10*568/14) after calc is (+173545.88095238098)
2018-10-26 15:53:37,085 - calcu_log - DEBUG - now the expression are 1-2*((60-30+-8.0*+173545.88095238098)-(-4*3)/(16-3*2))
2018-10-26 15:53:37,085 - calcu_log - DEBUG - expression for calc is 1-2*((60-30+-8.0*+173545.88095238098)-(-4*3)/(16-3*2))
2018-10-26 15:53:37,086 - calcu_log - DEBUG - expression (60-30+-8.0*+173545.88095238098) after calc is (-1388337.0476190478)
2018-10-26 15:53:37,086 - calcu_log - DEBUG - now the expression are 1-2*(-1388337.0476190478-(-4*3)/(16-3*2))
2018-10-26 15:53:37,086 - calcu_log - DEBUG - expression for calc is 1-2*(-1388337.0476190478-(-4*3)/(16-3*2))
2018-10-26 15:53:37,086 - calcu_log - DEBUG - expression (-4*3) after calc is (-12.0)
2018-10-26 15:53:37,086 - calcu_log - DEBUG - now the expression are 1-2*(-1388337.0476190478--12.0/(16-3*2))
2018-10-26 15:53:37,086 - calcu_log - DEBUG - expression for calc is 1-2*(-1388337.0476190478--12.0/(16-3*2))
2018-10-26 15:53:37,087 - calcu_log - DEBUG - expression (16-3*2) after calc is (+10.0)
2018-10-26 15:53:37,087 - calcu_log - DEBUG - now the expression are 1-2*(-1388337.0476190478--12.0/+10.0)
2018-10-26 15:53:37,087 - calcu_log - DEBUG - expression for calc is 1-2*(-1388337.0476190478--12.0/+10.0)
2018-10-26 15:53:37,087 - calcu_log - DEBUG - expression (-1388337.0476190478--12.0/+10.0) after calc is (-1388335.8476190479)
2018-10-26 15:53:37,087 - calcu_log - DEBUG - now the expression are 1-2*-1388335.8476190479
2018-10-26 15:53:37,088 - calcu_log - DEBUG - the result is:+2776672.6952380957
