2018-10-26 16:09:49,188 - calcu_log - DEBUG - expression for calc is 1-2*((60-30+(-40/5)*(9-2*5/3+7/3*99/4*2998+10*568/14))-(-4*3)/(16-3*2))
2018-10-26 16:09:49,195 - calcu_log - DEBUG - expression (-40/5) after calc is (-8.0)
2018-10-26 16:09:49,195 - calcu_log - DEBUG - now the expression are 1-2*((60-30+-8.0*(9-2*5/3+7/3*99/4*2998+10*568/14))-(-4*3)/(16-3*2))
2018-10-26 16:09:49,196 - calcu_log - DEBUG - expression for calc is 1-2*((60-30+-8.0*(9-2*5/3+7/3*99/4*2998+10*568/14))-(-4*3)/(16-3*2))
2018-10-26 16:09:49,197 - calcu_log - DEBUG - expression (9-2*5/3+7/3*99/4*2998+10*568/14) after calc is (+173545.88095238098)
2018-10-26 16:09:49,198 - calcu_log - DEBUG - now the expression are 1-2*((60-30+-8.0*+173545.88095238098)-(-4*3)/(16-3*2))
2018-10-26 16:09:49,198 - calcu_log - DEBUG - expression for calc is 1-2*((60-30+-8.0*+173545.88095238098)-(-4*3)/(16-3*2))
2018-10-26 16:09:49,199 - calcu_log - DEBUG - expression (60-30+-8.0*+173545.88095238098) after calc is (-1388337.0476190478)
2018-10-26 16:09:49,199 - calcu_log - DEBUG - now the expression are 1-2*(-1388337.0476190478-(-4*3)/(16-3*2))
2018-10-26 16:09:49,199 - calcu_log - DEBUG - expression for calc is 1-2*(-1388337.0476190478-(-4*3)/(16-3*2))
2018-10-26 16:09:49,199 - calcu_log - DEBUG - expression (-4*3) after calc is (-12.0)
2018-10-26 16:09:49,199 - calcu_log - DEBUG - now the expression are 1-2*(-1388337.0476190478--12.0/(16-3*2))
2018-10-26 16:09:49,199 - calcu_log - DEBUG - expression for calc is 1-2*(-1388337.0476190478--12.0/(16-3*2))
2018-10-26 16:09:49,200 - calcu_log - DEBUG - expression (16-3*2) after calc is (+10.0)
2018-10-26 16:09:49,200 - calcu_log - DEBUG - now the expression are 1-2*(-1388337.0476190478--12.0/+10.0)
2018-10-26 16:09:49,200 - calcu_log - DEBUG - expression for calc is 1-2*(-1388337.0476190478--12.0/+10.0)
2018-10-26 16:09:49,201 - calcu_log - DEBUG - expression (-1388337.0476190478--12.0/+10.0) after calc is (-1388335.8476190479)
2018-10-26 16:09:49,201 - calcu_log - DEBUG - now the expression are 1-2*-1388335.8476190479
2018-10-26 16:09:49,202 - calcu_log - DEBUG - the result is:+2776672.6952380957
2018-10-26 16:09:49,351 - calcu_log - DEBUG - expression for calc is 1-2*((60-30+(-40/5)*(9-2*5/3+7/3*99/4*2998+10*568/14))-(-4*3)/(16-3*2))
2018-10-26 16:09:49,353 - calcu_log - DEBUG - expression (-40/5) after calc is (-8.0)
2018-10-26 16:09:49,353 - calcu_log - DEBUG - now the expression are 1-2*((60-30+-8.0*(9-2*5/3+7/3*99/4*2998+10*568/14))-(-4*3)/(16-3*2))
2018-10-26 16:09:49,353 - calcu_log - DEBUG - expression for calc is 1-2*((60-30+-8.0*(9-2*5/3+7/3*99/4*2998+10*568/14))-(-4*3)/(16-3*2))
2018-10-26 16:09:49,355 - calcu_log - DEBUG - expression (9-2*5/3+7/3*99/4*2998+10*568/14) after calc is (+173545.88095238098)
2018-10-26 16:09:49,355 - calcu_log - DEBUG - now the expression are 1-2*((60-30+-8.0*+173545.88095238098)-(-4*3)/(16-3*2))
2018-10-26 16:09:49,355 - calcu_log - DEBUG - expression for calc is 1-2*((60-30+-8.0*+173545.88095238098)-(-4*3)/(16-3*2))
2018-10-26 16:09:49,355 - calcu_log - DEBUG - expression (60-30+-8.0*+173545.88095238098) after calc is (-1388337.0476190478)
2018-10-26 16:09:49,355 - calcu_log - DEBUG - now the expression are 1-2*(-1388337.0476190478-(-4*3)/(16-3*2))
2018-10-26 16:09:49,356 - calcu_log - DEBUG - expression for calc is 1-2*(-1388337.0476190478-(-4*3)/(16-3*2))
2018-10-26 16:09:49,356 - calcu_log - DEBUG - expression (-4*3) after calc is (-12.0)
2018-10-26 16:09:49,356 - calcu_log - DEBUG - now the expression are 1-2*(-1388337.0476190478--12.0/(16-3*2))
2018-10-26 16:09:49,356 - calcu_log - DEBUG - expression for calc is 1-2*(-1388337.0476190478--12.0/(16-3*2))
2018-10-26 16:09:49,356 - calcu_log - DEBUG - expression (16-3*2) after calc is (+10.0)
2018-10-26 16:09:49,357 - calcu_log - DEBUG - now the expression are 1-2*(-1388337.0476190478--12.0/+10.0)
2018-10-26 16:09:49,357 - calcu_log - DEBUG - expression for calc is 1-2*(-1388337.0476190478--12.0/+10.0)
2018-10-26 16:09:49,357 - calcu_log - DEBUG - expression (-1388337.0476190478--12.0/+10.0) after calc is (-1388335.8476190479)
2018-10-26 16:09:49,358 - calcu_log - DEBUG - now the expression are 1-2*-1388335.8476190479
2018-10-26 16:09:49,358 - calcu_log - DEBUG - the result is:+2776672.6952380957
2018-10-26 16:09:49,550 - calcu_log - DEBUG - expression for calc is 1-2*((60-30+(-40/5)*(9-2*5/3+7/3*99/4*2998+10*568/14))-(-4*3)/(16-3*2))
2018-10-26 16:09:49,552 - calcu_log - DEBUG - expression (-40/5) after calc is (-8.0)
2018-10-26 16:09:49,552 - calcu_log - DEBUG - now the expression are 1-2*((60-30+-8.0*(9-2*5/3+7/3*99/4*2998+10*568/14))-(-4*3)/(16-3*2))
2018-10-26 16:09:49,553 - calcu_log - DEBUG - expression for calc is 1-2*((60-30+-8.0*(9-2*5/3+7/3*99/4*2998+10*568/14))-(-4*3)/(16-3*2))
2018-10-26 16:09:49,554 - calcu_log - DEBUG - expression (9-2*5/3+7/3*99/4*2998+10*568/14) after calc is (+173545.88095238098)
2018-10-26 16:09:49,554 - calcu_log - DEBUG - now the expression are 1-2*((60-30+-8.0*+173545.88095238098)-(-4*3)/(16-3*2))
2018-10-26 16:09:49,554 - calcu_log - DEBUG - expression for calc is 1-2*((60-30+-8.0*+173545.88095238098)-(-4*3)/(16-3*2))
2018-10-26 16:09:49,555 - calcu_log - DEBUG - expression (60-30+-8.0*+173545.88095238098) after calc is (-1388337.0476190478)
2018-10-26 16:09:49,555 - calcu_log - DEBUG - now the expression are 1-2*(-1388337.0476190478-(-4*3)/(16-3*2))
2018-10-26 16:09:49,555 - calcu_log - DEBUG - expression for calc is 1-2*(-1388337.0476190478-(-4*3)/(16-3*2))
2018-10-26 16:09:49,555 - calcu_log - DEBUG - expression (-4*3) after calc is (-12.0)
2018-10-26 16:09:49,556 - calcu_log - DEBUG - now the expression are 1-2*(-1388337.0476190478--12.0/(16-3*2))
2018-10-26 16:09:49,556 - calcu_log - DEBUG - expression for calc is 1-2*(-1388337.0476190478--12.0/(16-3*2))
2018-10-26 16:09:49,556 - calcu_log - DEBUG - expression (16-3*2) after calc is (+10.0)
2018-10-26 16:09:49,557 - calcu_log - DEBUG - now the expression are 1-2*(-1388337.0476190478--12.0/+10.0)
2018-10-26 16:09:49,557 - calcu_log - DEBUG - expression for calc is 1-2*(-1388337.0476190478--12.0/+10.0)
2018-10-26 16:09:49,557 - calcu_log - DEBUG - expression (-1388337.0476190478--12.0/+10.0) after calc is (-1388335.8476190479)
2018-10-26 16:09:49,557 - calcu_log - DEBUG - now the expression are 1-2*-1388335.8476190479
2018-10-26 16:09:49,558 - calcu_log - DEBUG - the result is:+2776672.6952380957
2018-10-26 16:09:49,752 - calcu_log - DEBUG - expression for calc is 1-2*((60-30+(-40/5)*(9-2*5/3+7/3*99/4*2998+10*568/14))-(-4*3)/(16-3*2))
2018-10-26 16:09:49,754 - calcu_log - DEBUG - expression (-40/5) after calc is (-8.0)
2018-10-26 16:09:49,754 - calcu_log - DEBUG - now the expression are 1-2*((60-30+-8.0*(9-2*5/3+7/3*99/4*2998+10*568/14))-(-4*3)/(16-3*2))
2018-10-26 16:09:49,754 - calcu_log - DEBUG - expression for calc is 1-2*((60-30+-8.0*(9-2*5/3+7/3*99/4*2998+10*568/14))-(-4*3)/(16-3*2))
2018-10-26 16:09:49,755 - calcu_log - DEBUG - expression (9-2*5/3+7/3*99/4*2998+10*568/14) after calc is (+173545.88095238098)
2018-10-26 16:09:49,756 - calcu_log - DEBUG - now the expression are 1-2*((60-30+-8.0*+173545.88095238098)-(-4*3)/(16-3*2))
2018-10-26 16:09:49,756 - calcu_log - DEBUG - expression for calc is 1-2*((60-30+-8.0*+173545.88095238098)-(-4*3)/(16-3*2))
2018-10-26 16:09:49,756 - calcu_log - DEBUG - expression (60-30+-8.0*+173545.88095238098) after calc is (-1388337.0476190478)
2018-10-26 16:09:49,757 - calcu_log - DEBUG - now the expression are 1-2*(-1388337.0476190478-(-4*3)/(16-3*2))
2018-10-26 16:09:49,757 - calcu_log - DEBUG - expression for calc is 1-2*(-1388337.0476190478-(-4*3)/(16-3*2))
2018-10-26 16:09:49,757 - calcu_log - DEBUG - expression (-4*3) after calc is (-12.0)
2018-10-26 16:09:49,758 - calcu_log - DEBUG - now the expression are 1-2*(-1388337.0476190478--12.0/(16-3*2))
2018-10-26 16:09:49,758 - calcu_log - DEBUG - expression for calc is 1-2*(-1388337.0476190478--12.0/(16-3*2))
2018-10-26 16:09:49,758 - calcu_log - DEBUG - expression (16-3*2) after calc is (+10.0)
2018-10-26 16:09:49,758 - calcu_log - DEBUG - now the expression are 1-2*(-1388337.0476190478--12.0/+10.0)
2018-10-26 16:09:49,758 - calcu_log - DEBUG - expression for calc is 1-2*(-1388337.0476190478--12.0/+10.0)
2018-10-26 16:09:49,759 - calcu_log - DEBUG - expression (-1388337.0476190478--12.0/+10.0) after calc is (-1388335.8476190479)
2018-10-26 16:09:49,759 - calcu_log - DEBUG - now the expression are 1-2*-1388335.8476190479
2018-10-26 16:09:49,759 - calcu_log - DEBUG - the result is:+2776672.6952380957
2018-10-26 16:09:50,145 - calcu_log - DEBUG - expression for calc is 1-2*((60-30+(-40/5)*(9-2*5/3+7/3*99/4*2998+10*568/14))-(-4*3)/(16-3*2))
2018-10-26 16:09:50,147 - calcu_log - DEBUG - expression (-40/5) after calc is (-8.0)
2018-10-26 16:09:50,148 - calcu_log - DEBUG - now the expression are 1-2*((60-30+-8.0*(9-2*5/3+7/3*99/4*2998+10*568/14))-(-4*3)/(16-3*2))
2018-10-26 16:09:50,148 - calcu_log - DEBUG - expression for calc is 1-2*((60-30+-8.0*(9-2*5/3+7/3*99/4*2998+10*568/14))-(-4*3)/(16-3*2))
2018-10-26 16:09:50,150 - calcu_log - DEBUG - expression (9-2*5/3+7/3*99/4*2998+10*568/14) after calc is (+173545.88095238098)
2018-10-26 16:09:50,150 - calcu_log - DEBUG - now the expression are 1-2*((60-30+-8.0*+173545.88095238098)-(-4*3)/(16-3*2))
2018-10-26 16:09:50,150 - calcu_log - DEBUG - expression for calc is 1-2*((60-30+-8.0*+173545.88095238098)-(-4*3)/(16-3*2))
2018-10-26 16:09:50,151 - calcu_log - DEBUG - expression (60-30+-8.0*+173545.88095238098) after calc is (-1388337.0476190478)
2018-10-26 16:09:50,151 - calcu_log - DEBUG - now the expression are 1-2*(-1388337.0476190478-(-4*3)/(16-3*2))
2018-10-26 16:09:50,151 - calcu_log - DEBUG - expression for calc is 1-2*(-1388337.0476190478-(-4*3)/(16-3*2))
2018-10-26 16:09:50,151 - calcu_log - DEBUG - expression (-4*3) after calc is (-12.0)
2018-10-26 16:09:50,151 - calcu_log - DEBUG - now the expression are 1-2*(-1388337.0476190478--12.0/(16-3*2))
2018-10-26 16:09:50,152 - calcu_log - DEBUG - expression for calc is 1-2*(-1388337.0476190478--12.0/(16-3*2))
2018-10-26 16:09:50,152 - calcu_log - DEBUG - expression (16-3*2) after calc is (+10.0)
2018-10-26 16:09:50,152 - calcu_log - DEBUG - now the expression are 1-2*(-1388337.0476190478--12.0/+10.0)
2018-10-26 16:09:50,152 - calcu_log - DEBUG - expression for calc is 1-2*(-1388337.0476190478--12.0/+10.0)
2018-10-26 16:09:50,153 - calcu_log - DEBUG - expression (-1388337.0476190478--12.0/+10.0) after calc is (-1388335.8476190479)
2018-10-26 16:09:50,153 - calcu_log - DEBUG - now the expression are 1-2*-1388335.8476190479
2018-10-26 16:09:50,154 - calcu_log - DEBUG - the result is:+2776672.6952380957
2018-10-26 16:09:50,553 - calcu_log - DEBUG - expression for calc is 1-2*((60-30+(-40/5)*(9-2*5/3+7/3*99/4*2998+10*568/14))-(-4*3)/(16-3*2))
2018-10-26 16:09:50,556 - calcu_log - DEBUG - expression (-40/5) after calc is (-8.0)
2018-10-26 16:09:50,556 - calcu_log - DEBUG - now the expression are 1-2*((60-30+-8.0*(9-2*5/3+7/3*99/4*2998+10*568/14))-(-4*3)/(16-3*2))
2018-10-26 16:09:50,556 - calcu_log - DEBUG - expression for calc is 1-2*((60-30+-8.0*(9-2*5/3+7/3*99/4*2998+10*568/14))-(-4*3)/(16-3*2))
2018-10-26 16:09:50,557 - calcu_log - DEBUG - expression (9-2*5/3+7/3*99/4*2998+10*568/14) after calc is (+173545.88095238098)
2018-10-26 16:09:50,557 - calcu_log - DEBUG - now the expression are 1-2*((60-30+-8.0*+173545.88095238098)-(-4*3)/(16-3*2))
2018-10-26 16:09:50,558 - calcu_log - DEBUG - expression for calc is 1-2*((60-30+-8.0*+173545.88095238098)-(-4*3)/(16-3*2))
2018-10-26 16:09:50,558 - calcu_log - DEBUG - expression (60-30+-8.0*+173545.88095238098) after calc is (-1388337.0476190478)
2018-10-26 16:09:50,559 - calcu_log - DEBUG - now the expression are 1-2*(-1388337.0476190478-(-4*3)/(16-3*2))
2018-10-26 16:09:50,559 - calcu_log - DEBUG - expression for calc is 1-2*(-1388337.0476190478-(-4*3)/(16-3*2))
2018-10-26 16:09:50,559 - calcu_log - DEBUG - expression (-4*3) after calc is (-12.0)
2018-10-26 16:09:50,559 - calcu_log - DEBUG - now the expression are 1-2*(-1388337.0476190478--12.0/(16-3*2))
2018-10-26 16:09:50,560 - calcu_log - DEBUG - expression for calc is 1-2*(-1388337.0476190478--12.0/(16-3*2))
2018-10-26 16:09:50,560 - calcu_log - DEBUG - expression (16-3*2) after calc is (+10.0)
2018-10-26 16:09:50,560 - calcu_log - DEBUG - now the expression are 1-2*(-1388337.0476190478--12.0/+10.0)
2018-10-26 16:09:50,560 - calcu_log - DEBUG - expression for calc is 1-2*(-1388337.0476190478--12.0/+10.0)
2018-10-26 16:09:50,561 - calcu_log - DEBUG - expression (-1388337.0476190478--12.0/+10.0) after calc is (-1388335.8476190479)
2018-10-26 16:09:50,561 - calcu_log - DEBUG - now the expression are 1-2*-1388335.8476190479
2018-10-26 16:09:50,561 - calcu_log - DEBUG - the result is:+2776672.6952380957
2018-10-26 16:09:50,904 - calcu_log - DEBUG - expression for calc is 1-2*((60-30+(-40/5)*(9-2*5/3+7/3*99/4*2998+10*568/14))-(-4*3)/(16-3*2))
2018-10-26 16:09:50,908 - calcu_log - DEBUG - expression (-40/5) after calc is (-8.0)
2018-10-26 16:09:50,908 - calcu_log - DEBUG - now the expression are 1-2*((60-30+-8.0*(9-2*5/3+7/3*99/4*2998+10*568/14))-(-4*3)/(16-3*2))
2018-10-26 16:09:50,908 - calcu_log - DEBUG - expression for calc is 1-2*((60-30+-8.0*(9-2*5/3+7/3*99/4*2998+10*568/14))-(-4*3)/(16-3*2))
2018-10-26 16:09:50,911 - calcu_log - DEBUG - expression (9-2*5/3+7/3*99/4*2998+10*568/14) after calc is (+173545.88095238098)
2018-10-26 16:09:50,911 - calcu_log - DEBUG - now the expression are 1-2*((60-30+-8.0*+173545.88095238098)-(-4*3)/(16-3*2))
2018-10-26 16:09:50,911 - calcu_log - DEBUG - expression for calc is 1-2*((60-30+-8.0*+173545.88095238098)-(-4*3)/(16-3*2))
2018-10-26 16:09:50,912 - calcu_log - DEBUG - expression (60-30+-8.0*+173545.88095238098) after calc is (-1388337.0476190478)
2018-10-26 16:09:50,912 - calcu_log - DEBUG - now the expression are 1-2*(-1388337.0476190478-(-4*3)/(16-3*2))
2018-10-26 16:09:50,912 - calcu_log - DEBUG - expression for calc is 1-2*(-1388337.0476190478-(-4*3)/(16-3*2))
2018-10-26 16:09:50,913 - calcu_log - DEBUG - expression (-4*3) after calc is (-12.0)
2018-10-26 16:09:50,913 - calcu_log - DEBUG - now the expression are 1-2*(-1388337.0476190478--12.0/(16-3*2))
2018-10-26 16:09:50,914 - calcu_log - DEBUG - expression for calc is 1-2*(-1388337.0476190478--12.0/(16-3*2))
2018-10-26 16:09:50,915 - calcu_log - DEBUG - expression (16-3*2) after calc is (+10.0)
2018-10-26 16:09:50,916 - calcu_log - DEBUG - now the expression are 1-2*(-1388337.0476190478--12.0/+10.0)
2018-10-26 16:09:50,916 - calcu_log - DEBUG - expression for calc is 1-2*(-1388337.0476190478--12.0/+10.0)
2018-10-26 16:09:50,916 - calcu_log - DEBUG - expression (-1388337.0476190478--12.0/+10.0) after calc is (-1388335.8476190479)
2018-10-26 16:09:50,917 - calcu_log - DEBUG - now the expression are 1-2*-1388335.8476190479
2018-10-26 16:09:50,917 - calcu_log - DEBUG - the result is:+2776672.6952380957
2018-10-26 16:09:51,235 - calcu_log - DEBUG - expression for calc is 1-2*((60-30+(-40/5)*(9-2*5/3+7/3*99/4*2998+10*568/14))-(-4*3)/(16-3*2))
2018-10-26 16:09:51,237 - calcu_log - DEBUG - expression (-40/5) after calc is (-8.0)
2018-10-26 16:09:51,237 - calcu_log - DEBUG - now the expression are 1-2*((60-30+-8.0*(9-2*5/3+7/3*99/4*2998+10*568/14))-(-4*3)/(16-3*2))
2018-10-26 16:09:51,237 - calcu_log - DEBUG - expression for calc is 1-2*((60-30+-8.0*(9-2*5/3+7/3*99/4*2998+10*568/14))-(-4*3)/(16-3*2))
2018-10-26 16:09:51,239 - calcu_log - DEBUG - expression (9-2*5/3+7/3*99/4*2998+10*568/14) after calc is (+173545.88095238098)
2018-10-26 16:09:51,240 - calcu_log - DEBUG - now the expression are 1-2*((60-30+-8.0*+173545.88095238098)-(-4*3)/(16-3*2))
2018-10-26 16:09:51,240 - calcu_log - DEBUG - expression for calc is 1-2*((60-30+-8.0*+173545.88095238098)-(-4*3)/(16-3*2))
2018-10-26 16:09:51,241 - calcu_log - DEBUG - expression (60-30+-8.0*+173545.88095238098) after calc is (-1388337.0476190478)
2018-10-26 16:09:51,241 - calcu_log - DEBUG - now the expression are 1-2*(-1388337.0476190478-(-4*3)/(16-3*2))
2018-10-26 16:09:51,241 - calcu_log - DEBUG - expression for calc is 1-2*(-1388337.0476190478-(-4*3)/(16-3*2))
2018-10-26 16:09:51,241 - calcu_log - DEBUG - expression (-4*3) after calc is (-12.0)
2018-10-26 16:09:51,242 - calcu_log - DEBUG - now the expression are 1-2*(-1388337.0476190478--12.0/(16-3*2))
2018-10-26 16:09:51,242 - calcu_log - DEBUG - expression for calc is 1-2*(-1388337.0476190478--12.0/(16-3*2))
2018-10-26 16:09:51,243 - calcu_log - DEBUG - expression (16-3*2) after calc is (+10.0)
2018-10-26 16:09:51,243 - calcu_log - DEBUG - now the expression are 1-2*(-1388337.0476190478--12.0/+10.0)
2018-10-26 16:09:51,243 - calcu_log - DEBUG - expression for calc is 1-2*(-1388337.0476190478--12.0/+10.0)
2018-10-26 16:09:51,244 - calcu_log - DEBUG - expression (-1388337.0476190478--12.0/+10.0) after calc is (-1388335.8476190479)
2018-10-26 16:09:51,244 - calcu_log - DEBUG - now the expression are 1-2*-1388335.8476190479
2018-10-26 16:09:51,244 - calcu_log - DEBUG - the result is:+2776672.6952380957
2018-10-26 16:09:51,521 - calcu_log - DEBUG - expression for calc is 1-2*((60-30+(-40/5)*(9-2*5/3+7/3*99/4*2998+10*568/14))-(-4*3)/(16-3*2))
2018-10-26 16:09:51,523 - calcu_log - DEBUG - expression (-40/5) after calc is (-8.0)
2018-10-26 16:09:51,523 - calcu_log - DEBUG - now the expression are 1-2*((60-30+-8.0*(9-2*5/3+7/3*99/4*2998+10*568/14))-(-4*3)/(16-3*2))
2018-10-26 16:09:51,523 - calcu_log - DEBUG - expression for calc is 1-2*((60-30+-8.0*(9-2*5/3+7/3*99/4*2998+10*568/14))-(-4*3)/(16-3*2))
2018-10-26 16:09:51,525 - calcu_log - DEBUG - expression (9-2*5/3+7/3*99/4*2998+10*568/14) after calc is (+173545.88095238098)
2018-10-26 16:09:51,525 - calcu_log - DEBUG - now the expression are 1-2*((60-30+-8.0*+173545.88095238098)-(-4*3)/(16-3*2))
2018-10-26 16:09:51,525 - calcu_log - DEBUG - expression for calc is 1-2*((60-30+-8.0*+173545.88095238098)-(-4*3)/(16-3*2))
2018-10-26 16:09:51,525 - calcu_log - DEBUG - expression (60-30+-8.0*+173545.88095238098) after calc is (-1388337.0476190478)
2018-10-26 16:09:51,525 - calcu_log - DEBUG - now the expression are 1-2*(-1388337.0476190478-(-4*3)/(16-3*2))
2018-10-26 16:09:51,525 - calcu_log - DEBUG - expression for calc is 1-2*(-1388337.0476190478-(-4*3)/(16-3*2))
2018-10-26 16:09:51,526 - calcu_log - DEBUG - expression (-4*3) after calc is (-12.0)
2018-10-26 16:09:51,526 - calcu_log - DEBUG - now the expression are 1-2*(-1388337.0476190478--12.0/(16-3*2))
2018-10-26 16:09:51,526 - calcu_log - DEBUG - expression for calc is 1-2*(-1388337.0476190478--12.0/(16-3*2))
2018-10-26 16:09:51,526 - calcu_log - DEBUG - expression (16-3*2) after calc is (+10.0)
2018-10-26 16:09:51,526 - calcu_log - DEBUG - now the expression are 1-2*(-1388337.0476190478--12.0/+10.0)
2018-10-26 16:09:51,527 - calcu_log - DEBUG - expression for calc is 1-2*(-1388337.0476190478--12.0/+10.0)
2018-10-26 16:09:51,527 - calcu_log - DEBUG - expression (-1388337.0476190478--12.0/+10.0) after calc is (-1388335.8476190479)
2018-10-26 16:09:51,527 - calcu_log - DEBUG - now the expression are 1-2*-1388335.8476190479
2018-10-26 16:09:51,527 - calcu_log - DEBUG - the result is:+2776672.6952380957
2018-10-26 16:09:51,831 - calcu_log - DEBUG - expression for calc is 1-2*((60-30+(-40/5)*(9-2*5/3+7/3*99/4*2998+10*568/14))-(-4*3)/(16-3*2))
2018-10-26 16:09:51,833 - calcu_log - DEBUG - expression (-40/5) after calc is (-8.0)
2018-10-26 16:09:51,833 - calcu_log - DEBUG - now the expression are 1-2*((60-30+-8.0*(9-2*5/3+7/3*99/4*2998+10*568/14))-(-4*3)/(16-3*2))
2018-10-26 16:09:51,834 - calcu_log - DEBUG - expression for calc is 1-2*((60-30+-8.0*(9-2*5/3+7/3*99/4*2998+10*568/14))-(-4*3)/(16-3*2))
2018-10-26 16:09:51,835 - calcu_log - DEBUG - expression (9-2*5/3+7/3*99/4*2998+10*568/14) after calc is (+173545.88095238098)
2018-10-26 16:09:51,835 - calcu_log - DEBUG - now the expression are 1-2*((60-30+-8.0*+173545.88095238098)-(-4*3)/(16-3*2))
2018-10-26 16:09:51,835 - calcu_log - DEBUG - expression for calc is 1-2*((60-30+-8.0*+173545.88095238098)-(-4*3)/(16-3*2))
2018-10-26 16:09:51,836 - calcu_log - DEBUG - expression (60-30+-8.0*+173545.88095238098) after calc is (-1388337.0476190478)
2018-10-26 16:09:51,836 - calcu_log - DEBUG - now the expression are 1-2*(-1388337.0476190478-(-4*3)/(16-3*2))
2018-10-26 16:09:51,836 - calcu_log - DEBUG - expression for calc is 1-2*(-1388337.0476190478-(-4*3)/(16-3*2))
2018-10-26 16:09:51,836 - calcu_log - DEBUG - expression (-4*3) after calc is (-12.0)
2018-10-26 16:09:51,837 - calcu_log - DEBUG - now the expression are 1-2*(-1388337.0476190478--12.0/(16-3*2))
2018-10-26 16:09:51,837 - calcu_log - DEBUG - expression for calc is 1-2*(-1388337.0476190478--12.0/(16-3*2))
2018-10-26 16:09:51,837 - calcu_log - DEBUG - expression (16-3*2) after calc is (+10.0)
2018-10-26 16:09:51,837 - calcu_log - DEBUG - now the expression are 1-2*(-1388337.0476190478--12.0/+10.0)
2018-10-26 16:09:51,837 - calcu_log - DEBUG - expression for calc is 1-2*(-1388337.0476190478--12.0/+10.0)
2018-10-26 16:09:51,838 - calcu_log - DEBUG - expression (-1388337.0476190478--12.0/+10.0) after calc is (-1388335.8476190479)
2018-10-26 16:09:51,838 - calcu_log - DEBUG - now the expression are 1-2*-1388335.8476190479
2018-10-26 16:09:51,839 - calcu_log - DEBUG - the result is:+2776672.6952380957
2018-10-26 16:09:52,195 - calcu_log - DEBUG - expression for calc is 1-2*((60-30+(-40/5)*(9-2*5/3+7/3*99/4*2998+10*568/14))-(-4*3)/(16-3*2))
2018-10-26 16:09:52,197 - calcu_log - DEBUG - expression (-40/5) after calc is (-8.0)
2018-10-26 16:09:52,198 - calcu_log - DEBUG - now the expression are 1-2*((60-30+-8.0*(9-2*5/3+7/3*99/4*2998+10*568/14))-(-4*3)/(16-3*2))
2018-10-26 16:09:52,198 - calcu_log - DEBUG - expression for calc is 1-2*((60-30+-8.0*(9-2*5/3+7/3*99/4*2998+10*568/14))-(-4*3)/(16-3*2))
2018-10-26 16:09:52,200 - calcu_log - DEBUG - expression (9-2*5/3+7/3*99/4*2998+10*568/14) after calc is (+173545.88095238098)
2018-10-26 16:09:52,200 - calcu_log - DEBUG - now the expression are 1-2*((60-30+-8.0*+173545.88095238098)-(-4*3)/(16-3*2))
2018-10-26 16:09:52,200 - calcu_log - DEBUG - expression for calc is 1-2*((60-30+-8.0*+173545.88095238098)-(-4*3)/(16-3*2))
2018-10-26 16:09:52,201 - calcu_log - DEBUG - expression (60-30+-8.0*+173545.88095238098) after calc is (-1388337.0476190478)
2018-10-26 16:09:52,201 - calcu_log - DEBUG - now the expression are 1-2*(-1388337.0476190478-(-4*3)/(16-3*2))
2018-10-26 16:09:52,201 - calcu_log - DEBUG - expression for calc is 1-2*(-1388337.0476190478-(-4*3)/(16-3*2))
2018-10-26 16:09:52,202 - calcu_log - DEBUG - expression (-4*3) after calc is (-12.0)
2018-10-26 16:09:52,202 - calcu_log - DEBUG - now the expression are 1-2*(-1388337.0476190478--12.0/(16-3*2))
2018-10-26 16:09:52,202 - calcu_log - DEBUG - expression for calc is 1-2*(-1388337.0476190478--12.0/(16-3*2))
2018-10-26 16:09:52,202 - calcu_log - DEBUG - expression (16-3*2) after calc is (+10.0)
2018-10-26 16:09:52,203 - calcu_log - DEBUG - now the expression are 1-2*(-1388337.0476190478--12.0/+10.0)
2018-10-26 16:09:52,203 - calcu_log - DEBUG - expression for calc is 1-2*(-1388337.0476190478--12.0/+10.0)
2018-10-26 16:09:52,203 - calcu_log - DEBUG - expression (-1388337.0476190478--12.0/+10.0) after calc is (-1388335.8476190479)
2018-10-26 16:09:52,204 - calcu_log - DEBUG - now the expression are 1-2*-1388335.8476190479
2018-10-26 16:09:52,204 - calcu_log - DEBUG - the result is:+2776672.6952380957
2018-10-26 16:09:52,451 - calcu_log - DEBUG - expression for calc is 1-2*((60-30+(-40/5)*(9-2*5/3+7/3*99/4*2998+10*568/14))-(-4*3)/(16-3*2))
2018-10-26 16:09:52,453 - calcu_log - DEBUG - expression (-40/5) after calc is (-8.0)
2018-10-26 16:09:52,454 - calcu_log - DEBUG - now the expression are 1-2*((60-30+-8.0*(9-2*5/3+7/3*99/4*2998+10*568/14))-(-4*3)/(16-3*2))
2018-10-26 16:09:52,454 - calcu_log - DEBUG - expression for calc is 1-2*((60-30+-8.0*(9-2*5/3+7/3*99/4*2998+10*568/14))-(-4*3)/(16-3*2))
2018-10-26 16:09:52,455 - calcu_log - DEBUG - expression (9-2*5/3+7/3*99/4*2998+10*568/14) after calc is (+173545.88095238098)
2018-10-26 16:09:52,456 - calcu_log - DEBUG - now the expression are 1-2*((60-30+-8.0*+173545.88095238098)-(-4*3)/(16-3*2))
2018-10-26 16:09:52,456 - calcu_log - DEBUG - expression for calc is 1-2*((60-30+-8.0*+173545.88095238098)-(-4*3)/(16-3*2))
2018-10-26 16:09:52,456 - calcu_log - DEBUG - expression (60-30+-8.0*+173545.88095238098) after calc is (-1388337.0476190478)
2018-10-26 16:09:52,456 - calcu_log - DEBUG - now the expression are 1-2*(-1388337.0476190478-(-4*3)/(16-3*2))
2018-10-26 16:09:52,456 - calcu_log - DEBUG - expression for calc is 1-2*(-1388337.0476190478-(-4*3)/(16-3*2))
2018-10-26 16:09:52,457 - calcu_log - DEBUG - expression (-4*3) after calc is (-12.0)
2018-10-26 16:09:52,457 - calcu_log - DEBUG - now the expression are 1-2*(-1388337.0476190478--12.0/(16-3*2))
2018-10-26 16:09:52,457 - calcu_log - DEBUG - expression for calc is 1-2*(-1388337.0476190478--12.0/(16-3*2))
2018-10-26 16:09:52,457 - calcu_log - DEBUG - expression (16-3*2) after calc is (+10.0)
2018-10-26 16:09:52,457 - calcu_log - DEBUG - now the expression are 1-2*(-1388337.0476190478--12.0/+10.0)
2018-10-26 16:09:52,457 - calcu_log - DEBUG - expression for calc is 1-2*(-1388337.0476190478--12.0/+10.0)
2018-10-26 16:09:52,458 - calcu_log - DEBUG - expression (-1388337.0476190478--12.0/+10.0) after calc is (-1388335.8476190479)
2018-10-26 16:09:52,458 - calcu_log - DEBUG - now the expression are 1-2*-1388335.8476190479
2018-10-26 16:09:52,458 - calcu_log - DEBUG - the result is:+2776672.6952380957
2018-10-26 16:09:52,753 - calcu_log - DEBUG - expression for calc is 1-2*((60-30+(-40/5)*(9-2*5/3+7/3*99/4*2998+10*568/14))-(-4*3)/(16-3*2))
2018-10-26 16:09:52,755 - calcu_log - DEBUG - expression (-40/5) after calc is (-8.0)
2018-10-26 16:09:52,756 - calcu_log - DEBUG - now the expression are 1-2*((60-30+-8.0*(9-2*5/3+7/3*99/4*2998+10*568/14))-(-4*3)/(16-3*2))
2018-10-26 16:09:52,756 - calcu_log - DEBUG - expression for calc is 1-2*((60-30+-8.0*(9-2*5/3+7/3*99/4*2998+10*568/14))-(-4*3)/(16-3*2))
2018-10-26 16:09:52,757 - calcu_log - DEBUG - expression (9-2*5/3+7/3*99/4*2998+10*568/14) after calc is (+173545.88095238098)
2018-10-26 16:09:52,757 - calcu_log - DEBUG - now the expression are 1-2*((60-30+-8.0*+173545.88095238098)-(-4*3)/(16-3*2))
2018-10-26 16:09:52,758 - calcu_log - DEBUG - expression for calc is 1-2*((60-30+-8.0*+173545.88095238098)-(-4*3)/(16-3*2))
2018-10-26 16:09:52,758 - calcu_log - DEBUG - expression (60-30+-8.0*+173545.88095238098) after calc is (-1388337.0476190478)
2018-10-26 16:09:52,758 - calcu_log - DEBUG - now the expression are 1-2*(-1388337.0476190478-(-4*3)/(16-3*2))
2018-10-26 16:09:52,759 - calcu_log - DEBUG - expression for calc is 1-2*(-1388337.0476190478-(-4*3)/(16-3*2))
2018-10-26 16:09:52,759 - calcu_log - DEBUG - expression (-4*3) after calc is (-12.0)
2018-10-26 16:09:52,759 - calcu_log - DEBUG - now the expression are 1-2*(-1388337.0476190478--12.0/(16-3*2))
2018-10-26 16:09:52,759 - calcu_log - DEBUG - expression for calc is 1-2*(-1388337.0476190478--12.0/(16-3*2))
2018-10-26 16:09:52,760 - calcu_log - DEBUG - expression (16-3*2) after calc is (+10.0)
2018-10-26 16:09:52,760 - calcu_log - DEBUG - now the expression are 1-2*(-1388337.0476190478--12.0/+10.0)
2018-10-26 16:09:52,760 - calcu_log - DEBUG - expression for calc is 1-2*(-1388337.0476190478--12.0/+10.0)
2018-10-26 16:09:52,760 - calcu_log - DEBUG - expression (-1388337.0476190478--12.0/+10.0) after calc is (-1388335.8476190479)
2018-10-26 16:09:52,760 - calcu_log - DEBUG - now the expression are 1-2*-1388335.8476190479
2018-10-26 16:09:52,761 - calcu_log - DEBUG - the result is:+2776672.6952380957
2018-10-26 16:09:53,412 - calcu_log - DEBUG - expression for calc is 1-2*((60-30+(-40/5)*(9-2*5/3+7/3*99/4*2998+10*568/14))-(-4*3)/(16-3*2))
2018-10-26 16:09:53,414 - calcu_log - DEBUG - expression (-40/5) after calc is (-8.0)
2018-10-26 16:09:53,415 - calcu_log - DEBUG - now the expression are 1-2*((60-30+-8.0*(9-2*5/3+7/3*99/4*2998+10*568/14))-(-4*3)/(16-3*2))
2018-10-26 16:09:53,415 - calcu_log - DEBUG - expression for calc is 1-2*((60-30+-8.0*(9-2*5/3+7/3*99/4*2998+10*568/14))-(-4*3)/(16-3*2))
2018-10-26 16:09:53,417 - calcu_log - DEBUG - expression (9-2*5/3+7/3*99/4*2998+10*568/14) after calc is (+173545.88095238098)
2018-10-26 16:09:53,417 - calcu_log - DEBUG - now the expression are 1-2*((60-30+-8.0*+173545.88095238098)-(-4*3)/(16-3*2))
2018-10-26 16:09:53,418 - calcu_log - DEBUG - expression for calc is 1-2*((60-30+-8.0*+173545.88095238098)-(-4*3)/(16-3*2))
2018-10-26 16:09:53,418 - calcu_log - DEBUG - expression (60-30+-8.0*+173545.88095238098) after calc is (-1388337.0476190478)
2018-10-26 16:09:53,419 - calcu_log - DEBUG - now the expression are 1-2*(-1388337.0476190478-(-4*3)/(16-3*2))
2018-10-26 16:09:53,419 - calcu_log - DEBUG - expression for calc is 1-2*(-1388337.0476190478-(-4*3)/(16-3*2))
2018-10-26 16:09:53,419 - calcu_log - DEBUG - expression (-4*3) after calc is (-12.0)
2018-10-26 16:09:53,419 - calcu_log - DEBUG - now the expression are 1-2*(-1388337.0476190478--12.0/(16-3*2))
2018-10-26 16:09:53,420 - calcu_log - DEBUG - expression for calc is 1-2*(-1388337.0476190478--12.0/(16-3*2))
2018-10-26 16:09:53,420 - calcu_log - DEBUG - expression (16-3*2) after calc is (+10.0)
2018-10-26 16:09:53,420 - calcu_log - DEBUG - now the expression are 1-2*(-1388337.0476190478--12.0/+10.0)
2018-10-26 16:09:53,420 - calcu_log - DEBUG - expression for calc is 1-2*(-1388337.0476190478--12.0/+10.0)
2018-10-26 16:09:53,421 - calcu_log - DEBUG - expression (-1388337.0476190478--12.0/+10.0) after calc is (-1388335.8476190479)
2018-10-26 16:09:53,421 - calcu_log - DEBUG - now the expression are 1-2*-1388335.8476190479
2018-10-26 16:09:53,422 - calcu_log - DEBUG - the result is:+2776672.6952380957
2018-10-26 16:09:53,473 - calcu_log - DEBUG - expression for calc is 1-2*((60-30+(-40/5)*(9-2*5/3+7/3*99/4*2998+10*568/14))-(-4*3)/(16-3*2))
2018-10-26 16:09:53,475 - calcu_log - DEBUG - expression (-40/5) after calc is (-8.0)
2018-10-26 16:09:53,476 - calcu_log - DEBUG - now the expression are 1-2*((60-30+-8.0*(9-2*5/3+7/3*99/4*2998+10*568/14))-(-4*3)/(16-3*2))
2018-10-26 16:09:53,476 - calcu_log - DEBUG - expression for calc is 1-2*((60-30+-8.0*(9-2*5/3+7/3*99/4*2998+10*568/14))-(-4*3)/(16-3*2))
2018-10-26 16:09:53,478 - calcu_log - DEBUG - expression (9-2*5/3+7/3*99/4*2998+10*568/14) after calc is (+173545.88095238098)
2018-10-26 16:09:53,478 - calcu_log - DEBUG - now the expression are 1-2*((60-30+-8.0*+173545.88095238098)-(-4*3)/(16-3*2))
2018-10-26 16:09:53,478 - calcu_log - DEBUG - expression for calc is 1-2*((60-30+-8.0*+173545.88095238098)-(-4*3)/(16-3*2))
2018-10-26 16:09:53,479 - calcu_log - DEBUG - expression (60-30+-8.0*+173545.88095238098) after calc is (-1388337.0476190478)
2018-10-26 16:09:53,479 - calcu_log - DEBUG - now the expression are 1-2*(-1388337.0476190478-(-4*3)/(16-3*2))
2018-10-26 16:09:53,479 - calcu_log - DEBUG - expression for calc is 1-2*(-1388337.0476190478-(-4*3)/(16-3*2))
2018-10-26 16:09:53,479 - calcu_log - DEBUG - expression (-4*3) after calc is (-12.0)
2018-10-26 16:09:53,480 - calcu_log - DEBUG - now the expression are 1-2*(-1388337.0476190478--12.0/(16-3*2))
2018-10-26 16:09:53,480 - calcu_log - DEBUG - expression for calc is 1-2*(-1388337.0476190478--12.0/(16-3*2))
2018-10-26 16:09:53,480 - calcu_log - DEBUG - expression (16-3*2) after calc is (+10.0)
2018-10-26 16:09:53,480 - calcu_log - DEBUG - now the expression are 1-2*(-1388337.0476190478--12.0/+10.0)
2018-10-26 16:09:53,481 - calcu_log - DEBUG - expression for calc is 1-2*(-1388337.0476190478--12.0/+10.0)
2018-10-26 16:09:53,481 - calcu_log - DEBUG - expression (-1388337.0476190478--12.0/+10.0) after calc is (-1388335.8476190479)
2018-10-26 16:09:53,481 - calcu_log - DEBUG - now the expression are 1-2*-1388335.8476190479
2018-10-26 16:09:53,482 - calcu_log - DEBUG - the result is:+2776672.6952380957
2018-10-26 16:09:53,749 - calcu_log - DEBUG - expression for calc is 1-2*((60-30+(-40/5)*(9-2*5/3+7/3*99/4*2998+10*568/14))-(-4*3)/(16-3*2))
2018-10-26 16:09:53,751 - calcu_log - DEBUG - expression (-40/5) after calc is (-8.0)
2018-10-26 16:09:53,751 - calcu_log - DEBUG - now the expression are 1-2*((60-30+-8.0*(9-2*5/3+7/3*99/4*2998+10*568/14))-(-4*3)/(16-3*2))
2018-10-26 16:09:53,751 - calcu_log - DEBUG - expression for calc is 1-2*((60-30+-8.0*(9-2*5/3+7/3*99/4*2998+10*568/14))-(-4*3)/(16-3*2))
2018-10-26 16:09:53,753 - calcu_log - DEBUG - expression (9-2*5/3+7/3*99/4*2998+10*568/14) after calc is (+173545.88095238098)
2018-10-26 16:09:53,753 - calcu_log - DEBUG - now the expression are 1-2*((60-30+-8.0*+173545.88095238098)-(-4*3)/(16-3*2))
2018-10-26 16:09:53,753 - calcu_log - DEBUG - expression for calc is 1-2*((60-30+-8.0*+173545.88095238098)-(-4*3)/(16-3*2))
2018-10-26 16:09:53,753 - calcu_log - DEBUG - expression (60-30+-8.0*+173545.88095238098) after calc is (-1388337.0476190478)
2018-10-26 16:09:53,754 - calcu_log - DEBUG - now the expression are 1-2*(-1388337.0476190478-(-4*3)/(16-3*2))
2018-10-26 16:09:53,754 - calcu_log - DEBUG - expression for calc is 1-2*(-1388337.0476190478-(-4*3)/(16-3*2))
2018-10-26 16:09:53,754 - calcu_log - DEBUG - expression (-4*3) after calc is (-12.0)
2018-10-26 16:09:53,754 - calcu_log - DEBUG - now the expression are 1-2*(-1388337.0476190478--12.0/(16-3*2))
2018-10-26 16:09:53,754 - calcu_log - DEBUG - expression for calc is 1-2*(-1388337.0476190478--12.0/(16-3*2))
2018-10-26 16:09:53,754 - calcu_log - DEBUG - expression (16-3*2) after calc is (+10.0)
2018-10-26 16:09:53,755 - calcu_log - DEBUG - now the expression are 1-2*(-1388337.0476190478--12.0/+10.0)
2018-10-26 16:09:53,755 - calcu_log - DEBUG - expression for calc is 1-2*(-1388337.0476190478--12.0/+10.0)
2018-10-26 16:09:53,755 - calcu_log - DEBUG - expression (-1388337.0476190478--12.0/+10.0) after calc is (-1388335.8476190479)
2018-10-26 16:09:53,755 - calcu_log - DEBUG - now the expression are 1-2*-1388335.8476190479
2018-10-26 16:09:53,755 - calcu_log - DEBUG - the result is:+2776672.6952380957
2018-10-26 16:09:54,049 - calcu_log - DEBUG - expression for calc is 1-2*((60-30+(-40/5)*(9-2*5/3+7/3*99/4*2998+10*568/14))-(-4*3)/(16-3*2))
2018-10-26 16:09:54,051 - calcu_log - DEBUG - expression (-40/5) after calc is (-8.0)
2018-10-26 16:09:54,051 - calcu_log - DEBUG - now the expression are 1-2*((60-30+-8.0*(9-2*5/3+7/3*99/4*2998+10*568/14))-(-4*3)/(16-3*2))
2018-10-26 16:09:54,051 - calcu_log - DEBUG - expression for calc is 1-2*((60-30+-8.0*(9-2*5/3+7/3*99/4*2998+10*568/14))-(-4*3)/(16-3*2))
2018-10-26 16:09:54,053 - calcu_log - DEBUG - expression (9-2*5/3+7/3*99/4*2998+10*568/14) after calc is (+173545.88095238098)
2018-10-26 16:09:54,053 - calcu_log - DEBUG - now the expression are 1-2*((60-30+-8.0*+173545.88095238098)-(-4*3)/(16-3*2))
2018-10-26 16:09:54,053 - calcu_log - DEBUG - expression for calc is 1-2*((60-30+-8.0*+173545.88095238098)-(-4*3)/(16-3*2))
2018-10-26 16:09:54,054 - calcu_log - DEBUG - expression (60-30+-8.0*+173545.88095238098) after calc is (-1388337.0476190478)
2018-10-26 16:09:54,054 - calcu_log - DEBUG - now the expression are 1-2*(-1388337.0476190478-(-4*3)/(16-3*2))
2018-10-26 16:09:54,054 - calcu_log - DEBUG - expression for calc is 1-2*(-1388337.0476190478-(-4*3)/(16-3*2))
2018-10-26 16:09:54,055 - calcu_log - DEBUG - expression (-4*3) after calc is (-12.0)
2018-10-26 16:09:54,055 - calcu_log - DEBUG - now the expression are 1-2*(-1388337.0476190478--12.0/(16-3*2))
2018-10-26 16:09:54,055 - calcu_log - DEBUG - expression for calc is 1-2*(-1388337.0476190478--12.0/(16-3*2))
2018-10-26 16:09:54,055 - calcu_log - DEBUG - expression (16-3*2) after calc is (+10.0)
2018-10-26 16:09:54,055 - calcu_log - DEBUG - now the expression are 1-2*(-1388337.0476190478--12.0/+10.0)
2018-10-26 16:09:54,055 - calcu_log - DEBUG - expression for calc is 1-2*(-1388337.0476190478--12.0/+10.0)
2018-10-26 16:09:54,056 - calcu_log - DEBUG - expression (-1388337.0476190478--12.0/+10.0) after calc is (-1388335.8476190479)
2018-10-26 16:09:54,056 - calcu_log - DEBUG - now the expression are 1-2*-1388335.8476190479
2018-10-26 16:09:54,056 - calcu_log - DEBUG - the result is:+2776672.6952380957
2018-10-26 16:09:54,419 - calcu_log - DEBUG - expression for calc is 1-2*((60-30+(-40/5)*(9-2*5/3+7/3*99/4*2998+10*568/14))-(-4*3)/(16-3*2))
2018-10-26 16:09:54,422 - calcu_log - DEBUG - expression (-40/5) after calc is (-8.0)
2018-10-26 16:09:54,422 - calcu_log - DEBUG - now the expression are 1-2*((60-30+-8.0*(9-2*5/3+7/3*99/4*2998+10*568/14))-(-4*3)/(16-3*2))
2018-10-26 16:09:54,422 - calcu_log - DEBUG - expression for calc is 1-2*((60-30+-8.0*(9-2*5/3+7/3*99/4*2998+10*568/14))-(-4*3)/(16-3*2))
2018-10-26 16:09:54,424 - calcu_log - DEBUG - expression (9-2*5/3+7/3*99/4*2998+10*568/14) after calc is (+173545.88095238098)
2018-10-26 16:09:54,424 - calcu_log - DEBUG - now the expression are 1-2*((60-30+-8.0*+173545.88095238098)-(-4*3)/(16-3*2))
2018-10-26 16:09:54,425 - calcu_log - DEBUG - expression for calc is 1-2*((60-30+-8.0*+173545.88095238098)-(-4*3)/(16-3*2))
2018-10-26 16:09:54,426 - calcu_log - DEBUG - expression (60-30+-8.0*+173545.88095238098) after calc is (-1388337.0476190478)
2018-10-26 16:09:54,426 - calcu_log - DEBUG - now the expression are 1-2*(-1388337.0476190478-(-4*3)/(16-3*2))
2018-10-26 16:09:54,426 - calcu_log - DEBUG - expression for calc is 1-2*(-1388337.0476190478-(-4*3)/(16-3*2))
2018-10-26 16:09:54,427 - calcu_log - DEBUG - expression (-4*3) after calc is (-12.0)
2018-10-26 16:09:54,427 - calcu_log - DEBUG - now the expression are 1-2*(-1388337.0476190478--12.0/(16-3*2))
2018-10-26 16:09:54,427 - calcu_log - DEBUG - expression for calc is 1-2*(-1388337.0476190478--12.0/(16-3*2))
2018-10-26 16:09:54,427 - calcu_log - DEBUG - expression (16-3*2) after calc is (+10.0)
2018-10-26 16:09:54,428 - calcu_log - DEBUG - now the expression are 1-2*(-1388337.0476190478--12.0/+10.0)
2018-10-26 16:09:54,428 - calcu_log - DEBUG - expression for calc is 1-2*(-1388337.0476190478--12.0/+10.0)
2018-10-26 16:09:54,428 - calcu_log - DEBUG - expression (-1388337.0476190478--12.0/+10.0) after calc is (-1388335.8476190479)
2018-10-26 16:09:54,429 - calcu_log - DEBUG - now the expression are 1-2*-1388335.8476190479
2018-10-26 16:09:54,429 - calcu_log - DEBUG - the result is:+2776672.6952380957
2018-10-26 16:09:54,719 - calcu_log - DEBUG - expression for calc is 1-2*((60-30+(-40/5)*(9-2*5/3+7/3*99/4*2998+10*568/14))-(-4*3)/(16-3*2))
2018-10-26 16:09:54,721 - calcu_log - DEBUG - expression (-40/5) after calc is (-8.0)
2018-10-26 16:09:54,721 - calcu_log - DEBUG - now the expression are 1-2*((60-30+-8.0*(9-2*5/3+7/3*99/4*2998+10*568/14))-(-4*3)/(16-3*2))
2018-10-26 16:09:54,721 - calcu_log - DEBUG - expression for calc is 1-2*((60-30+-8.0*(9-2*5/3+7/3*99/4*2998+10*568/14))-(-4*3)/(16-3*2))
2018-10-26 16:09:54,722 - calcu_log - DEBUG - expression (9-2*5/3+7/3*99/4*2998+10*568/14) after calc is (+173545.88095238098)
2018-10-26 16:09:54,722 - calcu_log - DEBUG - now the expression are 1-2*((60-30+-8.0*+173545.88095238098)-(-4*3)/(16-3*2))
2018-10-26 16:09:54,723 - calcu_log - DEBUG - expression for calc is 1-2*((60-30+-8.0*+173545.88095238098)-(-4*3)/(16-3*2))
2018-10-26 16:09:54,723 - calcu_log - DEBUG - expression (60-30+-8.0*+173545.88095238098) after calc is (-1388337.0476190478)
2018-10-26 16:09:54,723 - calcu_log - DEBUG - now the expression are 1-2*(-1388337.0476190478-(-4*3)/(16-3*2))
2018-10-26 16:09:54,723 - calcu_log - DEBUG - expression for calc is 1-2*(-1388337.0476190478-(-4*3)/(16-3*2))
2018-10-26 16:09:54,724 - calcu_log - DEBUG - expression (-4*3) after calc is (-12.0)
2018-10-26 16:09:54,724 - calcu_log - DEBUG - now the expression are 1-2*(-1388337.0476190478--12.0/(16-3*2))
2018-10-26 16:09:54,724 - calcu_log - DEBUG - expression for calc is 1-2*(-1388337.0476190478--12.0/(16-3*2))
2018-10-26 16:09:54,724 - calcu_log - DEBUG - expression (16-3*2) after calc is (+10.0)
2018-10-26 16:09:54,724 - calcu_log - DEBUG - now the expression are 1-2*(-1388337.0476190478--12.0/+10.0)
2018-10-26 16:09:54,724 - calcu_log - DEBUG - expression for calc is 1-2*(-1388337.0476190478--12.0/+10.0)
2018-10-26 16:09:54,725 - calcu_log - DEBUG - expression (-1388337.0476190478--12.0/+10.0) after calc is (-1388335.8476190479)
2018-10-26 16:09:54,725 - calcu_log - DEBUG - now the expression are 1-2*-1388335.8476190479
2018-10-26 16:09:54,725 - calcu_log - DEBUG - the result is:+2776672.6952380957
2018-10-26 16:09:55,011 - calcu_log - DEBUG - expression for calc is 1-2*((60-30+(-40/5)*(9-2*5/3+7/3*99/4*2998+10*568/14))-(-4*3)/(16-3*2))
2018-10-26 16:09:55,013 - calcu_log - DEBUG - expression (-40/5) after calc is (-8.0)
2018-10-26 16:09:55,013 - calcu_log - DEBUG - now the expression are 1-2*((60-30+-8.0*(9-2*5/3+7/3*99/4*2998+10*568/14))-(-4*3)/(16-3*2))
2018-10-26 16:09:55,013 - calcu_log - DEBUG - expression for calc is 1-2*((60-30+-8.0*(9-2*5/3+7/3*99/4*2998+10*568/14))-(-4*3)/(16-3*2))
2018-10-26 16:09:55,014 - calcu_log - DEBUG - expression (9-2*5/3+7/3*99/4*2998+10*568/14) after calc is (+173545.88095238098)
2018-10-26 16:09:55,014 - calcu_log - DEBUG - now the expression are 1-2*((60-30+-8.0*+173545.88095238098)-(-4*3)/(16-3*2))
2018-10-26 16:09:55,015 - calcu_log - DEBUG - expression for calc is 1-2*((60-30+-8.0*+173545.88095238098)-(-4*3)/(16-3*2))
2018-10-26 16:09:55,015 - calcu_log - DEBUG - expression (60-30+-8.0*+173545.88095238098) after calc is (-1388337.0476190478)
2018-10-26 16:09:55,015 - calcu_log - DEBUG - now the expression are 1-2*(-1388337.0476190478-(-4*3)/(16-3*2))
2018-10-26 16:09:55,015 - calcu_log - DEBUG - expression for calc is 1-2*(-1388337.0476190478-(-4*3)/(16-3*2))
2018-10-26 16:09:55,016 - calcu_log - DEBUG - expression (-4*3) after calc is (-12.0)
2018-10-26 16:09:55,016 - calcu_log - DEBUG - now the expression are 1-2*(-1388337.0476190478--12.0/(16-3*2))
2018-10-26 16:09:55,016 - calcu_log - DEBUG - expression for calc is 1-2*(-1388337.0476190478--12.0/(16-3*2))
2018-10-26 16:09:55,016 - calcu_log - DEBUG - expression (16-3*2) after calc is (+10.0)
2018-10-26 16:09:55,016 - calcu_log - DEBUG - now the expression are 1-2*(-1388337.0476190478--12.0/+10.0)
2018-10-26 16:09:55,017 - calcu_log - DEBUG - expression for calc is 1-2*(-1388337.0476190478--12.0/+10.0)
2018-10-26 16:09:55,017 - calcu_log - DEBUG - expression (-1388337.0476190478--12.0/+10.0) after calc is (-1388335.8476190479)
2018-10-26 16:09:55,017 - calcu_log - DEBUG - now the expression are 1-2*-1388335.8476190479
2018-10-26 16:09:55,017 - calcu_log - DEBUG - the result is:+2776672.6952380957
2018-10-26 16:09:55,284 - calcu_log - DEBUG - expression for calc is 1-2*((60-30+(-40/5)*(9-2*5/3+7/3*99/4*2998+10*568/14))-(-4*3)/(16-3*2))
2018-10-26 16:09:55,286 - calcu_log - DEBUG - expression (-40/5) after calc is (-8.0)
2018-10-26 16:09:55,286 - calcu_log - DEBUG - now the expression are 1-2*((60-30+-8.0*(9-2*5/3+7/3*99/4*2998+10*568/14))-(-4*3)/(16-3*2))
2018-10-26 16:09:55,286 - calcu_log - DEBUG - expression for calc is 1-2*((60-30+-8.0*(9-2*5/3+7/3*99/4*2998+10*568/14))-(-4*3)/(16-3*2))
2018-10-26 16:09:55,287 - calcu_log - DEBUG - expression (9-2*5/3+7/3*99/4*2998+10*568/14) after calc is (+173545.88095238098)
2018-10-26 16:09:55,288 - calcu_log - DEBUG - now the expression are 1-2*((60-30+-8.0*+173545.88095238098)-(-4*3)/(16-3*2))
2018-10-26 16:09:55,288 - calcu_log - DEBUG - expression for calc is 1-2*((60-30+-8.0*+173545.88095238098)-(-4*3)/(16-3*2))
2018-10-26 16:09:55,288 - calcu_log - DEBUG - expression (60-30+-8.0*+173545.88095238098) after calc is (-1388337.0476190478)
2018-10-26 16:09:55,288 - calcu_log - DEBUG - now the expression are 1-2*(-1388337.0476190478-(-4*3)/(16-3*2))
2018-10-26 16:09:55,289 - calcu_log - DEBUG - expression for calc is 1-2*(-1388337.0476190478-(-4*3)/(16-3*2))
2018-10-26 16:09:55,289 - calcu_log - DEBUG - expression (-4*3) after calc is (-12.0)
2018-10-26 16:09:55,289 - calcu_log - DEBUG - now the expression are 1-2*(-1388337.0476190478--12.0/(16-3*2))
2018-10-26 16:09:55,289 - calcu_log - DEBUG - expression for calc is 1-2*(-1388337.0476190478--12.0/(16-3*2))
2018-10-26 16:09:55,289 - calcu_log - DEBUG - expression (16-3*2) after calc is (+10.0)
2018-10-26 16:09:55,289 - calcu_log - DEBUG - now the expression are 1-2*(-1388337.0476190478--12.0/+10.0)
2018-10-26 16:09:55,290 - calcu_log - DEBUG - expression for calc is 1-2*(-1388337.0476190478--12.0/+10.0)
2018-10-26 16:09:55,290 - calcu_log - DEBUG - expression (-1388337.0476190478--12.0/+10.0) after calc is (-1388335.8476190479)
2018-10-26 16:09:55,290 - calcu_log - DEBUG - now the expression are 1-2*-1388335.8476190479
2018-10-26 16:09:55,291 - calcu_log - DEBUG - the result is:+2776672.6952380957
2018-10-26 16:09:55,590 - calcu_log - DEBUG - expression for calc is 1-2*((60-30+(-40/5)*(9-2*5/3+7/3*99/4*2998+10*568/14))-(-4*3)/(16-3*2))
2018-10-26 16:09:55,593 - calcu_log - DEBUG - expression (-40/5) after calc is (-8.0)
2018-10-26 16:09:55,593 - calcu_log - DEBUG - now the expression are 1-2*((60-30+-8.0*(9-2*5/3+7/3*99/4*2998+10*568/14))-(-4*3)/(16-3*2))
2018-10-26 16:09:55,593 - calcu_log - DEBUG - expression for calc is 1-2*((60-30+-8.0*(9-2*5/3+7/3*99/4*2998+10*568/14))-(-4*3)/(16-3*2))
2018-10-26 16:09:55,594 - calcu_log - DEBUG - expression (9-2*5/3+7/3*99/4*2998+10*568/14) after calc is (+173545.88095238098)
2018-10-26 16:09:55,594 - calcu_log - DEBUG - now the expression are 1-2*((60-30+-8.0*+173545.88095238098)-(-4*3)/(16-3*2))
2018-10-26 16:09:55,594 - calcu_log - DEBUG - expression for calc is 1-2*((60-30+-8.0*+173545.88095238098)-(-4*3)/(16-3*2))
2018-10-26 16:09:55,595 - calcu_log - DEBUG - expression (60-30+-8.0*+173545.88095238098) after calc is (-1388337.0476190478)
2018-10-26 16:09:55,595 - calcu_log - DEBUG - now the expression are 1-2*(-1388337.0476190478-(-4*3)/(16-3*2))
2018-10-26 16:09:55,595 - calcu_log - DEBUG - expression for calc is 1-2*(-1388337.0476190478-(-4*3)/(16-3*2))
2018-10-26 16:09:55,595 - calcu_log - DEBUG - expression (-4*3) after calc is (-12.0)
2018-10-26 16:09:55,596 - calcu_log - DEBUG - now the expression are 1-2*(-1388337.0476190478--12.0/(16-3*2))
2018-10-26 16:09:55,596 - calcu_log - DEBUG - expression for calc is 1-2*(-1388337.0476190478--12.0/(16-3*2))
2018-10-26 16:09:55,596 - calcu_log - DEBUG - expression (16-3*2) after calc is (+10.0)
2018-10-26 16:09:55,596 - calcu_log - DEBUG - now the expression are 1-2*(-1388337.0476190478--12.0/+10.0)
2018-10-26 16:09:55,597 - calcu_log - DEBUG - expression for calc is 1-2*(-1388337.0476190478--12.0/+10.0)
2018-10-26 16:09:55,597 - calcu_log - DEBUG - expression (-1388337.0476190478--12.0/+10.0) after calc is (-1388335.8476190479)
2018-10-26 16:09:55,597 - calcu_log - DEBUG - now the expression are 1-2*-1388335.8476190479
2018-10-26 16:09:55,597 - calcu_log - DEBUG - the result is:+2776672.6952380957
2018-10-26 16:09:55,993 - calcu_log - DEBUG - expression for calc is 1-2*((60-30+(-40/5)*(9-2*5/3+7/3*99/4*2998+10*568/14))-(-4*3)/(16-3*2))
2018-10-26 16:09:55,998 - calcu_log - DEBUG - expression (-40/5) after calc is (-8.0)
2018-10-26 16:09:55,998 - calcu_log - DEBUG - now the expression are 1-2*((60-30+-8.0*(9-2*5/3+7/3*99/4*2998+10*568/14))-(-4*3)/(16-3*2))
2018-10-26 16:09:55,999 - calcu_log - DEBUG - expression for calc is 1-2*((60-30+-8.0*(9-2*5/3+7/3*99/4*2998+10*568/14))-(-4*3)/(16-3*2))
2018-10-26 16:09:56,000 - calcu_log - DEBUG - expression (9-2*5/3+7/3*99/4*2998+10*568/14) after calc is (+173545.88095238098)
2018-10-26 16:09:56,000 - calcu_log - DEBUG - now the expression are 1-2*((60-30+-8.0*+173545.88095238098)-(-4*3)/(16-3*2))
2018-10-26 16:09:56,001 - calcu_log - DEBUG - expression for calc is 1-2*((60-30+-8.0*+173545.88095238098)-(-4*3)/(16-3*2))
2018-10-26 16:09:56,001 - calcu_log - DEBUG - expression (60-30+-8.0*+173545.88095238098) after calc is (-1388337.0476190478)
2018-10-26 16:09:56,002 - calcu_log - DEBUG - now the expression are 1-2*(-1388337.0476190478-(-4*3)/(16-3*2))
2018-10-26 16:09:56,002 - calcu_log - DEBUG - expression for calc is 1-2*(-1388337.0476190478-(-4*3)/(16-3*2))
2018-10-26 16:09:56,002 - calcu_log - DEBUG - expression (-4*3) after calc is (-12.0)
2018-10-26 16:09:56,002 - calcu_log - DEBUG - now the expression are 1-2*(-1388337.0476190478--12.0/(16-3*2))
2018-10-26 16:09:56,003 - calcu_log - DEBUG - expression for calc is 1-2*(-1388337.0476190478--12.0/(16-3*2))
2018-10-26 16:09:56,003 - calcu_log - DEBUG - expression (16-3*2) after calc is (+10.0)
2018-10-26 16:09:56,003 - calcu_log - DEBUG - now the expression are 1-2*(-1388337.0476190478--12.0/+10.0)
2018-10-26 16:09:56,003 - calcu_log - DEBUG - expression for calc is 1-2*(-1388337.0476190478--12.0/+10.0)
2018-10-26 16:09:56,004 - calcu_log - DEBUG - expression (-1388337.0476190478--12.0/+10.0) after calc is (-1388335.8476190479)
2018-10-26 16:09:56,004 - calcu_log - DEBUG - now the expression are 1-2*-1388335.8476190479
2018-10-26 16:09:56,004 - calcu_log - DEBUG - the result is:+2776672.6952380957
2018-10-26 16:09:56,255 - calcu_log - DEBUG - expression for calc is 1-2*((60-30+(-40/5)*(9-2*5/3+7/3*99/4*2998+10*568/14))-(-4*3)/(16-3*2))
2018-10-26 16:09:56,257 - calcu_log - DEBUG - expression (-40/5) after calc is (-8.0)
2018-10-26 16:09:56,258 - calcu_log - DEBUG - now the expression are 1-2*((60-30+-8.0*(9-2*5/3+7/3*99/4*2998+10*568/14))-(-4*3)/(16-3*2))
2018-10-26 16:09:56,258 - calcu_log - DEBUG - expression for calc is 1-2*((60-30+-8.0*(9-2*5/3+7/3*99/4*2998+10*568/14))-(-4*3)/(16-3*2))
2018-10-26 16:09:56,260 - calcu_log - DEBUG - expression (9-2*5/3+7/3*99/4*2998+10*568/14) after calc is (+173545.88095238098)
2018-10-26 16:09:56,260 - calcu_log - DEBUG - now the expression are 1-2*((60-30+-8.0*+173545.88095238098)-(-4*3)/(16-3*2))
2018-10-26 16:09:56,260 - calcu_log - DEBUG - expression for calc is 1-2*((60-30+-8.0*+173545.88095238098)-(-4*3)/(16-3*2))
2018-10-26 16:09:56,261 - calcu_log - DEBUG - expression (60-30+-8.0*+173545.88095238098) after calc is (-1388337.0476190478)
2018-10-26 16:09:56,261 - calcu_log - DEBUG - now the expression are 1-2*(-1388337.0476190478-(-4*3)/(16-3*2))
2018-10-26 16:09:56,261 - calcu_log - DEBUG - expression for calc is 1-2*(-1388337.0476190478-(-4*3)/(16-3*2))
2018-10-26 16:09:56,262 - calcu_log - DEBUG - expression (-4*3) after calc is (-12.0)
2018-10-26 16:09:56,262 - calcu_log - DEBUG - now the expression are 1-2*(-1388337.0476190478--12.0/(16-3*2))
2018-10-26 16:09:56,262 - calcu_log - DEBUG - expression for calc is 1-2*(-1388337.0476190478--12.0/(16-3*2))
2018-10-26 16:09:56,262 - calcu_log - DEBUG - expression (16-3*2) after calc is (+10.0)
2018-10-26 16:09:56,262 - calcu_log - DEBUG - now the expression are 1-2*(-1388337.0476190478--12.0/+10.0)
2018-10-26 16:09:56,263 - calcu_log - DEBUG - expression for calc is 1-2*(-1388337.0476190478--12.0/+10.0)
2018-10-26 16:09:56,263 - calcu_log - DEBUG - expression (-1388337.0476190478--12.0/+10.0) after calc is (-1388335.8476190479)
2018-10-26 16:09:56,264 - calcu_log - DEBUG - now the expression are 1-2*-1388335.8476190479
2018-10-26 16:09:56,264 - calcu_log - DEBUG - the result is:+2776672.6952380957
2018-10-26 16:09:56,543 - calcu_log - DEBUG - expression for calc is 1-2*((60-30+(-40/5)*(9-2*5/3+7/3*99/4*2998+10*568/14))-(-4*3)/(16-3*2))
2018-10-26 16:09:56,544 - calcu_log - DEBUG - expression (-40/5) after calc is (-8.0)
2018-10-26 16:09:56,545 - calcu_log - DEBUG - now the expression are 1-2*((60-30+-8.0*(9-2*5/3+7/3*99/4*2998+10*568/14))-(-4*3)/(16-3*2))
2018-10-26 16:09:56,545 - calcu_log - DEBUG - expression for calc is 1-2*((60-30+-8.0*(9-2*5/3+7/3*99/4*2998+10*568/14))-(-4*3)/(16-3*2))
2018-10-26 16:09:56,546 - calcu_log - DEBUG - expression (9-2*5/3+7/3*99/4*2998+10*568/14) after calc is (+173545.88095238098)
2018-10-26 16:09:56,546 - calcu_log - DEBUG - now the expression are 1-2*((60-30+-8.0*+173545.88095238098)-(-4*3)/(16-3*2))
2018-10-26 16:09:56,546 - calcu_log - DEBUG - expression for calc is 1-2*((60-30+-8.0*+173545.88095238098)-(-4*3)/(16-3*2))
2018-10-26 16:09:56,547 - calcu_log - DEBUG - expression (60-30+-8.0*+173545.88095238098) after calc is (-1388337.0476190478)
2018-10-26 16:09:56,547 - calcu_log - DEBUG - now the expression are 1-2*(-1388337.0476190478-(-4*3)/(16-3*2))
2018-10-26 16:09:56,547 - calcu_log - DEBUG - expression for calc is 1-2*(-1388337.0476190478-(-4*3)/(16-3*2))
2018-10-26 16:09:56,547 - calcu_log - DEBUG - expression (-4*3) after calc is (-12.0)
2018-10-26 16:09:56,548 - calcu_log - DEBUG - now the expression are 1-2*(-1388337.0476190478--12.0/(16-3*2))
2018-10-26 16:09:56,548 - calcu_log - DEBUG - expression for calc is 1-2*(-1388337.0476190478--12.0/(16-3*2))
2018-10-26 16:09:56,548 - calcu_log - DEBUG - expression (16-3*2) after calc is (+10.0)
2018-10-26 16:09:56,548 - calcu_log - DEBUG - now the expression are 1-2*(-1388337.0476190478--12.0/+10.0)
2018-10-26 16:09:56,548 - calcu_log - DEBUG - expression for calc is 1-2*(-1388337.0476190478--12.0/+10.0)
2018-10-26 16:09:56,549 - calcu_log - DEBUG - expression (-1388337.0476190478--12.0/+10.0) after calc is (-1388335.8476190479)
2018-10-26 16:09:56,549 - calcu_log - DEBUG - now the expression are 1-2*-1388335.8476190479
2018-10-26 16:09:56,549 - calcu_log - DEBUG - the result is:+2776672.6952380957
2018-10-26 16:09:56,813 - calcu_log - DEBUG - expression for calc is 1-2*((60-30+(-40/5)*(9-2*5/3+7/3*99/4*2998+10*568/14))-(-4*3)/(16-3*2))
2018-10-26 16:09:56,815 - calcu_log - DEBUG - expression (-40/5) after calc is (-8.0)
2018-10-26 16:09:56,815 - calcu_log - DEBUG - now the expression are 1-2*((60-30+-8.0*(9-2*5/3+7/3*99/4*2998+10*568/14))-(-4*3)/(16-3*2))
2018-10-26 16:09:56,815 - calcu_log - DEBUG - expression for calc is 1-2*((60-30+-8.0*(9-2*5/3+7/3*99/4*2998+10*568/14))-(-4*3)/(16-3*2))
2018-10-26 16:09:56,816 - calcu_log - DEBUG - expression (9-2*5/3+7/3*99/4*2998+10*568/14) after calc is (+173545.88095238098)
2018-10-26 16:09:56,816 - calcu_log - DEBUG - now the expression are 1-2*((60-30+-8.0*+173545.88095238098)-(-4*3)/(16-3*2))
2018-10-26 16:09:56,817 - calcu_log - DEBUG - expression for calc is 1-2*((60-30+-8.0*+173545.88095238098)-(-4*3)/(16-3*2))
2018-10-26 16:09:56,817 - calcu_log - DEBUG - expression (60-30+-8.0*+173545.88095238098) after calc is (-1388337.0476190478)
2018-10-26 16:09:56,817 - calcu_log - DEBUG - now the expression are 1-2*(-1388337.0476190478-(-4*3)/(16-3*2))
2018-10-26 16:09:56,818 - calcu_log - DEBUG - expression for calc is 1-2*(-1388337.0476190478-(-4*3)/(16-3*2))
2018-10-26 16:09:56,818 - calcu_log - DEBUG - expression (-4*3) after calc is (-12.0)
2018-10-26 16:09:56,818 - calcu_log - DEBUG - now the expression are 1-2*(-1388337.0476190478--12.0/(16-3*2))
2018-10-26 16:09:56,818 - calcu_log - DEBUG - expression for calc is 1-2*(-1388337.0476190478--12.0/(16-3*2))
2018-10-26 16:09:56,818 - calcu_log - DEBUG - expression (16-3*2) after calc is (+10.0)
2018-10-26 16:09:56,818 - calcu_log - DEBUG - now the expression are 1-2*(-1388337.0476190478--12.0/+10.0)
2018-10-26 16:09:56,819 - calcu_log - DEBUG - expression for calc is 1-2*(-1388337.0476190478--12.0/+10.0)
2018-10-26 16:09:56,819 - calcu_log - DEBUG - expression (-1388337.0476190478--12.0/+10.0) after calc is (-1388335.8476190479)
2018-10-26 16:09:56,819 - calcu_log - DEBUG - now the expression are 1-2*-1388335.8476190479
2018-10-26 16:09:56,819 - calcu_log - DEBUG - the result is:+2776672.6952380957
2018-10-26 16:09:57,115 - calcu_log - DEBUG - expression for calc is 1-2*((60-30+(-40/5)*(9-2*5/3+7/3*99/4*2998+10*568/14))-(-4*3)/(16-3*2))
2018-10-26 16:09:57,116 - calcu_log - DEBUG - expression (-40/5) after calc is (-8.0)
2018-10-26 16:09:57,117 - calcu_log - DEBUG - now the expression are 1-2*((60-30+-8.0*(9-2*5/3+7/3*99/4*2998+10*568/14))-(-4*3)/(16-3*2))
2018-10-26 16:09:57,117 - calcu_log - DEBUG - expression for calc is 1-2*((60-30+-8.0*(9-2*5/3+7/3*99/4*2998+10*568/14))-(-4*3)/(16-3*2))
2018-10-26 16:09:57,118 - calcu_log - DEBUG - expression (9-2*5/3+7/3*99/4*2998+10*568/14) after calc is (+173545.88095238098)
2018-10-26 16:09:57,118 - calcu_log - DEBUG - now the expression are 1-2*((60-30+-8.0*+173545.88095238098)-(-4*3)/(16-3*2))
2018-10-26 16:09:57,118 - calcu_log - DEBUG - expression for calc is 1-2*((60-30+-8.0*+173545.88095238098)-(-4*3)/(16-3*2))
2018-10-26 16:09:57,119 - calcu_log - DEBUG - expression (60-30+-8.0*+173545.88095238098) after calc is (-1388337.0476190478)
2018-10-26 16:09:57,119 - calcu_log - DEBUG - now the expression are 1-2*(-1388337.0476190478-(-4*3)/(16-3*2))
2018-10-26 16:09:57,119 - calcu_log - DEBUG - expression for calc is 1-2*(-1388337.0476190478-(-4*3)/(16-3*2))
2018-10-26 16:09:57,119 - calcu_log - DEBUG - expression (-4*3) after calc is (-12.0)
2018-10-26 16:09:57,119 - calcu_log - DEBUG - now the expression are 1-2*(-1388337.0476190478--12.0/(16-3*2))
2018-10-26 16:09:57,119 - calcu_log - DEBUG - expression for calc is 1-2*(-1388337.0476190478--12.0/(16-3*2))
2018-10-26 16:09:57,120 - calcu_log - DEBUG - expression (16-3*2) after calc is (+10.0)
2018-10-26 16:09:57,120 - calcu_log - DEBUG - now the expression are 1-2*(-1388337.0476190478--12.0/+10.0)
2018-10-26 16:09:57,120 - calcu_log - DEBUG - expression for calc is 1-2*(-1388337.0476190478--12.0/+10.0)
2018-10-26 16:09:57,120 - calcu_log - DEBUG - expression (-1388337.0476190478--12.0/+10.0) after calc is (-1388335.8476190479)
2018-10-26 16:09:57,120 - calcu_log - DEBUG - now the expression are 1-2*-1388335.8476190479
2018-10-26 16:09:57,121 - calcu_log - DEBUG - the result is:+2776672.6952380957
2018-10-26 16:09:57,489 - calcu_log - DEBUG - expression for calc is 1-2*((60-30+(-40/5)*(9-2*5/3+7/3*99/4*2998+10*568/14))-(-4*3)/(16-3*2))
2018-10-26 16:09:57,492 - calcu_log - DEBUG - expression (-40/5) after calc is (-8.0)
2018-10-26 16:09:57,492 - calcu_log - DEBUG - now the expression are 1-2*((60-30+-8.0*(9-2*5/3+7/3*99/4*2998+10*568/14))-(-4*3)/(16-3*2))
2018-10-26 16:09:57,492 - calcu_log - DEBUG - expression for calc is 1-2*((60-30+-8.0*(9-2*5/3+7/3*99/4*2998+10*568/14))-(-4*3)/(16-3*2))
2018-10-26 16:09:57,495 - calcu_log - DEBUG - expression (9-2*5/3+7/3*99/4*2998+10*568/14) after calc is (+173545.88095238098)
2018-10-26 16:09:57,495 - calcu_log - DEBUG - now the expression are 1-2*((60-30+-8.0*+173545.88095238098)-(-4*3)/(16-3*2))
2018-10-26 16:09:57,496 - calcu_log - DEBUG - expression for calc is 1-2*((60-30+-8.0*+173545.88095238098)-(-4*3)/(16-3*2))
2018-10-26 16:09:57,496 - calcu_log - DEBUG - expression (60-30+-8.0*+173545.88095238098) after calc is (-1388337.0476190478)
2018-10-26 16:09:57,496 - calcu_log - DEBUG - now the expression are 1-2*(-1388337.0476190478-(-4*3)/(16-3*2))
2018-10-26 16:09:57,497 - calcu_log - DEBUG - expression for calc is 1-2*(-1388337.0476190478-(-4*3)/(16-3*2))
2018-10-26 16:09:57,497 - calcu_log - DEBUG - expression (-4*3) after calc is (-12.0)
2018-10-26 16:09:57,497 - calcu_log - DEBUG - now the expression are 1-2*(-1388337.0476190478--12.0/(16-3*2))
2018-10-26 16:09:57,497 - calcu_log - DEBUG - expression for calc is 1-2*(-1388337.0476190478--12.0/(16-3*2))
2018-10-26 16:09:57,498 - calcu_log - DEBUG - expression (16-3*2) after calc is (+10.0)
2018-10-26 16:09:57,498 - calcu_log - DEBUG - now the expression are 1-2*(-1388337.0476190478--12.0/+10.0)
2018-10-26 16:09:57,498 - calcu_log - DEBUG - expression for calc is 1-2*(-1388337.0476190478--12.0/+10.0)
2018-10-26 16:09:57,499 - calcu_log - DEBUG - expression (-1388337.0476190478--12.0/+10.0) after calc is (-1388335.8476190479)
2018-10-26 16:09:57,499 - calcu_log - DEBUG - now the expression are 1-2*-1388335.8476190479
2018-10-26 16:09:57,499 - calcu_log - DEBUG - the result is:+2776672.6952380957
2018-10-26 16:09:57,794 - calcu_log - DEBUG - expression for calc is 1-2*((60-30+(-40/5)*(9-2*5/3+7/3*99/4*2998+10*568/14))-(-4*3)/(16-3*2))
2018-10-26 16:09:57,797 - calcu_log - DEBUG - expression (-40/5) after calc is (-8.0)
2018-10-26 16:09:57,797 - calcu_log - DEBUG - now the expression are 1-2*((60-30+-8.0*(9-2*5/3+7/3*99/4*2998+10*568/14))-(-4*3)/(16-3*2))
2018-10-26 16:09:57,797 - calcu_log - DEBUG - expression for calc is 1-2*((60-30+-8.0*(9-2*5/3+7/3*99/4*2998+10*568/14))-(-4*3)/(16-3*2))
2018-10-26 16:09:57,799 - calcu_log - DEBUG - expression (9-2*5/3+7/3*99/4*2998+10*568/14) after calc is (+173545.88095238098)
2018-10-26 16:09:57,799 - calcu_log - DEBUG - now the expression are 1-2*((60-30+-8.0*+173545.88095238098)-(-4*3)/(16-3*2))
2018-10-26 16:09:57,800 - calcu_log - DEBUG - expression for calc is 1-2*((60-30+-8.0*+173545.88095238098)-(-4*3)/(16-3*2))
2018-10-26 16:09:57,800 - calcu_log - DEBUG - expression (60-30+-8.0*+173545.88095238098) after calc is (-1388337.0476190478)
2018-10-26 16:09:57,800 - calcu_log - DEBUG - now the expression are 1-2*(-1388337.0476190478-(-4*3)/(16-3*2))
2018-10-26 16:09:57,801 - calcu_log - DEBUG - expression for calc is 1-2*(-1388337.0476190478-(-4*3)/(16-3*2))
2018-10-26 16:09:57,801 - calcu_log - DEBUG - expression (-4*3) after calc is (-12.0)
2018-10-26 16:09:57,801 - calcu_log - DEBUG - now the expression are 1-2*(-1388337.0476190478--12.0/(16-3*2))
2018-10-26 16:09:57,801 - calcu_log - DEBUG - expression for calc is 1-2*(-1388337.0476190478--12.0/(16-3*2))
2018-10-26 16:09:57,802 - calcu_log - DEBUG - expression (16-3*2) after calc is (+10.0)
2018-10-26 16:09:57,802 - calcu_log - DEBUG - now the expression are 1-2*(-1388337.0476190478--12.0/+10.0)
2018-10-26 16:09:57,802 - calcu_log - DEBUG - expression for calc is 1-2*(-1388337.0476190478--12.0/+10.0)
2018-10-26 16:09:57,802 - calcu_log - DEBUG - expression (-1388337.0476190478--12.0/+10.0) after calc is (-1388335.8476190479)
2018-10-26 16:09:57,803 - calcu_log - DEBUG - now the expression are 1-2*-1388335.8476190479
2018-10-26 16:09:57,803 - calcu_log - DEBUG - the result is:+2776672.6952380957
2018-10-26 16:09:58,063 - calcu_log - DEBUG - expression for calc is 1-2*((60-30+(-40/5)*(9-2*5/3+7/3*99/4*2998+10*568/14))-(-4*3)/(16-3*2))
2018-10-26 16:09:58,064 - calcu_log - DEBUG - expression (-40/5) after calc is (-8.0)
2018-10-26 16:09:58,065 - calcu_log - DEBUG - now the expression are 1-2*((60-30+-8.0*(9-2*5/3+7/3*99/4*2998+10*568/14))-(-4*3)/(16-3*2))
2018-10-26 16:09:58,065 - calcu_log - DEBUG - expression for calc is 1-2*((60-30+-8.0*(9-2*5/3+7/3*99/4*2998+10*568/14))-(-4*3)/(16-3*2))
2018-10-26 16:09:58,066 - calcu_log - DEBUG - expression (9-2*5/3+7/3*99/4*2998+10*568/14) after calc is (+173545.88095238098)
2018-10-26 16:09:58,066 - calcu_log - DEBUG - now the expression are 1-2*((60-30+-8.0*+173545.88095238098)-(-4*3)/(16-3*2))
2018-10-26 16:09:58,066 - calcu_log - DEBUG - expression for calc is 1-2*((60-30+-8.0*+173545.88095238098)-(-4*3)/(16-3*2))
2018-10-26 16:09:58,067 - calcu_log - DEBUG - expression (60-30+-8.0*+173545.88095238098) after calc is (-1388337.0476190478)
2018-10-26 16:09:58,067 - calcu_log - DEBUG - now the expression are 1-2*(-1388337.0476190478-(-4*3)/(16-3*2))
2018-10-26 16:09:58,067 - calcu_log - DEBUG - expression for calc is 1-2*(-1388337.0476190478-(-4*3)/(16-3*2))
2018-10-26 16:09:58,067 - calcu_log - DEBUG - expression (-4*3) after calc is (-12.0)
2018-10-26 16:09:58,067 - calcu_log - DEBUG - now the expression are 1-2*(-1388337.0476190478--12.0/(16-3*2))
2018-10-26 16:09:58,067 - calcu_log - DEBUG - expression for calc is 1-2*(-1388337.0476190478--12.0/(16-3*2))
2018-10-26 16:09:58,067 - calcu_log - DEBUG - expression (16-3*2) after calc is (+10.0)
2018-10-26 16:09:58,068 - calcu_log - DEBUG - now the expression are 1-2*(-1388337.0476190478--12.0/+10.0)
2018-10-26 16:09:58,068 - calcu_log - DEBUG - expression for calc is 1-2*(-1388337.0476190478--12.0/+10.0)
2018-10-26 16:09:58,068 - calcu_log - DEBUG - expression (-1388337.0476190478--12.0/+10.0) after calc is (-1388335.8476190479)
2018-10-26 16:09:58,068 - calcu_log - DEBUG - now the expression are 1-2*-1388335.8476190479
2018-10-26 16:09:58,068 - calcu_log - DEBUG - the result is:+2776672.6952380957
2018-10-26 16:09:58,409 - calcu_log - DEBUG - expression for calc is 1-2*((60-30+(-40/5)*(9-2*5/3+7/3*99/4*2998+10*568/14))-(-4*3)/(16-3*2))
2018-10-26 16:09:58,411 - calcu_log - DEBUG - expression (-40/5) after calc is (-8.0)
2018-10-26 16:09:58,411 - calcu_log - DEBUG - now the expression are 1-2*((60-30+-8.0*(9-2*5/3+7/3*99/4*2998+10*568/14))-(-4*3)/(16-3*2))
2018-10-26 16:09:58,412 - calcu_log - DEBUG - expression for calc is 1-2*((60-30+-8.0*(9-2*5/3+7/3*99/4*2998+10*568/14))-(-4*3)/(16-3*2))
2018-10-26 16:09:58,413 - calcu_log - DEBUG - expression (9-2*5/3+7/3*99/4*2998+10*568/14) after calc is (+173545.88095238098)
2018-10-26 16:09:58,413 - calcu_log - DEBUG - now the expression are 1-2*((60-30+-8.0*+173545.88095238098)-(-4*3)/(16-3*2))
2018-10-26 16:09:58,414 - calcu_log - DEBUG - expression for calc is 1-2*((60-30+-8.0*+173545.88095238098)-(-4*3)/(16-3*2))
2018-10-26 16:09:58,414 - calcu_log - DEBUG - expression (60-30+-8.0*+173545.88095238098) after calc is (-1388337.0476190478)
2018-10-26 16:09:58,414 - calcu_log - DEBUG - now the expression are 1-2*(-1388337.0476190478-(-4*3)/(16-3*2))
2018-10-26 16:09:58,415 - calcu_log - DEBUG - expression for calc is 1-2*(-1388337.0476190478-(-4*3)/(16-3*2))
2018-10-26 16:09:58,415 - calcu_log - DEBUG - expression (-4*3) after calc is (-12.0)
2018-10-26 16:09:58,415 - calcu_log - DEBUG - now the expression are 1-2*(-1388337.0476190478--12.0/(16-3*2))
2018-10-26 16:09:58,415 - calcu_log - DEBUG - expression for calc is 1-2*(-1388337.0476190478--12.0/(16-3*2))
2018-10-26 16:09:58,416 - calcu_log - DEBUG - expression (16-3*2) after calc is (+10.0)
2018-10-26 16:09:58,416 - calcu_log - DEBUG - now the expression are 1-2*(-1388337.0476190478--12.0/+10.0)
2018-10-26 16:09:58,416 - calcu_log - DEBUG - expression for calc is 1-2*(-1388337.0476190478--12.0/+10.0)
2018-10-26 16:09:58,416 - calcu_log - DEBUG - expression (-1388337.0476190478--12.0/+10.0) after calc is (-1388335.8476190479)
2018-10-26 16:09:58,417 - calcu_log - DEBUG - now the expression are 1-2*-1388335.8476190479
2018-10-26 16:09:58,417 - calcu_log - DEBUG - the result is:+2776672.6952380957
